<?xml version="1.0" encoding="UTF-8"?>
<!-- Generated by org.testng.reporters.JUnitReportReporter -->
<testsuite hostname="DESKTOP-LGK31LU" failures="0" tests="1" name="com.example.tests.EsimPackTest" time="20.465" errors="0" timestamp="2024-10-09T19:14:39 CEST" skipped="0">
  <testcase classname="com.example.tests.EsimPackTest" name="test" time="20.465"/>
</testsuite> <!-- com.example.tests.EsimPackTest -->
