<?xml version="1.0" encoding="UTF-8"?>
<!-- Generated by org.testng.reporters.JUnitReportReporter -->
<testsuite hostname="DESKTOP-LGK31LU" failures="0" tests="1" name="com.example.tests.CountryTest" time="12.822" errors="0" timestamp="2024-10-10T10:18:05 CEST" skipped="0">
  <testcase classname="com.example.tests.CountryTest" name="test" time="12.822"/>
</testsuite> <!-- com.example.tests.CountryTest -->
