<?xml version="1.0" encoding="UTF-8"?>
<!-- Generated by org.testng.reporters.JUnitReportReporter -->
<testsuite hostname="DESKTOP-LGK31LU" failures="0" tests="1" name="com.example.apitests.ApiTest" time="8.528" errors="0" timestamp="2024-10-10T13:57:44 CEST" skipped="0">
  <testcase classname="com.example.apitests.ApiTest" name="apitest" time="8.528"/>
</testsuite> <!-- com.example.apitests.ApiTest -->
